Generated 200x200 matrices
200;1;0.164693
200;2;0.0834332
200;4;0.0425611
200;8;0.0215411
Generated 400x400 matrices
400;1;1.34663
400;2;0.674996
400;4;0.341713
400;8;0.172124
Generated 800x800 matrices
800;1;10.272
800;2;5.23115
800;4;2.84274
800;8;1.67489
Generated 1200x1200 matrices
1200;1;33.5961
1200;2;16.893
1200;4;9.83349
1200;8;5.11882
Generated 1600x1600 matrices
1600;1;103.874
1600;2;52.2502
1600;4;26.5792
1600;8;13.6004
Generated 2000x2000 matrices
2000;1;190.495
2000;2;95.3515
2000;4;47.7572
2000;8;24.7732
